2021-06-09 08:13:27.6914||INFO|Microsoft.Hosting.Lifetime|Application started. Press Ctrl+C to shut down.
2021-06-09 08:13:27.7502||INFO|Microsoft.Hosting.Lifetime|Hosting environment: Development
2021-06-09 08:13:27.8068||INFO|Microsoft.Hosting.Lifetime|Content root path: C:\Users\Maciej Bedkowski\Desktop\Meetup\Meetup
2021-06-09 08:13:40.5972||WARN|Meetup.Services.MeetServices|Meet with id: 12 DELETE action invoked
2021-06-09 08:20:06.1198||ERROR|Meetup.Services.MeetServices|Meet with id: 12 DELETE action invoked
2021-06-09 10:33:29.5482||ERROR|Meetup.Middleware.ErrorHandlingMiddleware|Unable to resolve service for type 'Meetup.Services.IParticipantService' while attempting to activate 'Meetup.Controllers.ParticipantControler'.System.InvalidOperationException: Unable to resolve service for type 'Meetup.Services.IParticipantService' while attempting to activate 'Meetup.Controllers.ParticipantControler'.
   at Microsoft.Extensions.DependencyInjection.ActivatorUtilities.GetService(IServiceProvider sp, Type type, Type requiredBy, Boolean isDefaultParameterRequired)
   at lambda_method(Closure , IServiceProvider , Object[] )
   at Microsoft.AspNetCore.Mvc.Controllers.ControllerActivatorProvider.<>c__DisplayClass4_0.<CreateActivator>b__0(ControllerContext controllerContext)
   at Microsoft.AspNetCore.Mvc.Controllers.ControllerFactoryProvider.<>c__DisplayClass5_0.<CreateControllerFactory>g__CreateController|0(ControllerContext controllerContext)
   at Microsoft.AspNetCore.Mvc.Infrastructure.ControllerActionInvoker.Next(State& next, Scope& scope, Object& state, Boolean& isCompleted)
   at Microsoft.AspNetCore.Mvc.Infrastructure.ControllerActionInvoker.InvokeInnerFilterAsync()
--- End of stack trace from previous location where exception was thrown ---
   at Microsoft.AspNetCore.Mvc.Infrastructure.ResourceInvoker.<InvokeFilterPipelineAsync>g__Awaited|19_0(ResourceInvoker invoker, Task lastTask, State next, Scope scope, Object state, Boolean isCompleted)
   at Microsoft.AspNetCore.Mvc.Infrastructure.ResourceInvoker.<InvokeAsync>g__Awaited|17_0(ResourceInvoker invoker, Task task, IDisposable scope)
   at Microsoft.AspNetCore.Routing.EndpointMiddleware.<Invoke>g__AwaitRequestTask|6_0(Endpoint endpoint, Task requestTask, ILogger logger)
   at Meetup.Middleware.ErrorHandlingMiddleware.InvokeAsync(HttpContext context, RequestDelegate next) in C:\Users\Maciej Bedkowski\Desktop\Meetup\Meetup\Middleware\ErrorHandlingMiddleware.cs:line 19
2021-06-09 10:35:38.8386||ERROR|Meetup.Middleware.ErrorHandlingMiddleware|Unable to resolve service for type 'Meetup.Services.IParticipantService' while attempting to activate 'Meetup.Controllers.ParticipantControler'.System.InvalidOperationException: Unable to resolve service for type 'Meetup.Services.IParticipantService' while attempting to activate 'Meetup.Controllers.ParticipantControler'.
   at Microsoft.Extensions.DependencyInjection.ActivatorUtilities.GetService(IServiceProvider sp, Type type, Type requiredBy, Boolean isDefaultParameterRequired)
   at lambda_method(Closure , IServiceProvider , Object[] )
   at Microsoft.AspNetCore.Mvc.Controllers.ControllerActivatorProvider.<>c__DisplayClass4_0.<CreateActivator>b__0(ControllerContext controllerContext)
   at Microsoft.AspNetCore.Mvc.Controllers.ControllerFactoryProvider.<>c__DisplayClass5_0.<CreateControllerFactory>g__CreateController|0(ControllerContext controllerContext)
   at Microsoft.AspNetCore.Mvc.Infrastructure.ControllerActionInvoker.Next(State& next, Scope& scope, Object& state, Boolean& isCompleted)
   at Microsoft.AspNetCore.Mvc.Infrastructure.ControllerActionInvoker.InvokeInnerFilterAsync()
--- End of stack trace from previous location where exception was thrown ---
   at Microsoft.AspNetCore.Mvc.Infrastructure.ResourceInvoker.<InvokeFilterPipelineAsync>g__Awaited|19_0(ResourceInvoker invoker, Task lastTask, State next, Scope scope, Object state, Boolean isCompleted)
   at Microsoft.AspNetCore.Mvc.Infrastructure.ResourceInvoker.<InvokeAsync>g__Awaited|17_0(ResourceInvoker invoker, Task task, IDisposable scope)
   at Microsoft.AspNetCore.Routing.EndpointMiddleware.<Invoke>g__AwaitRequestTask|6_0(Endpoint endpoint, Task requestTask, ILogger logger)
   at Meetup.Middleware.ErrorHandlingMiddleware.InvokeAsync(HttpContext context, RequestDelegate next) in C:\Users\Maciej Bedkowski\Desktop\Meetup\Meetup\Middleware\ErrorHandlingMiddleware.cs:line 19
2021-06-09 10:35:40.3952||ERROR|Meetup.Middleware.ErrorHandlingMiddleware|Unable to resolve service for type 'Meetup.Services.IParticipantService' while attempting to activate 'Meetup.Controllers.ParticipantControler'.System.InvalidOperationException: Unable to resolve service for type 'Meetup.Services.IParticipantService' while attempting to activate 'Meetup.Controllers.ParticipantControler'.
   at Microsoft.Extensions.DependencyInjection.ActivatorUtilities.GetService(IServiceProvider sp, Type type, Type requiredBy, Boolean isDefaultParameterRequired)
   at lambda_method(Closure , IServiceProvider , Object[] )
   at Microsoft.AspNetCore.Mvc.Controllers.ControllerActivatorProvider.<>c__DisplayClass4_0.<CreateActivator>b__0(ControllerContext controllerContext)
   at Microsoft.AspNetCore.Mvc.Controllers.ControllerFactoryProvider.<>c__DisplayClass5_0.<CreateControllerFactory>g__CreateController|0(ControllerContext controllerContext)
   at Microsoft.AspNetCore.Mvc.Infrastructure.ControllerActionInvoker.Next(State& next, Scope& scope, Object& state, Boolean& isCompleted)
   at Microsoft.AspNetCore.Mvc.Infrastructure.ControllerActionInvoker.InvokeInnerFilterAsync()
--- End of stack trace from previous location where exception was thrown ---
   at Microsoft.AspNetCore.Mvc.Infrastructure.ResourceInvoker.<InvokeFilterPipelineAsync>g__Awaited|19_0(ResourceInvoker invoker, Task lastTask, State next, Scope scope, Object state, Boolean isCompleted)
   at Microsoft.AspNetCore.Mvc.Infrastructure.ResourceInvoker.<InvokeAsync>g__Awaited|17_0(ResourceInvoker invoker, Task task, IDisposable scope)
   at Microsoft.AspNetCore.Routing.EndpointMiddleware.<Invoke>g__AwaitRequestTask|6_0(Endpoint endpoint, Task requestTask, ILogger logger)
   at Meetup.Middleware.ErrorHandlingMiddleware.InvokeAsync(HttpContext context, RequestDelegate next) in C:\Users\Maciej Bedkowski\Desktop\Meetup\Meetup\Middleware\ErrorHandlingMiddleware.cs:line 19
2021-06-09 10:35:58.7702||ERROR|Meetup.Middleware.ErrorHandlingMiddleware|Unable to resolve service for type 'Meetup.Services.IParticipantService' while attempting to activate 'Meetup.Controllers.ParticipantControler'.System.InvalidOperationException: Unable to resolve service for type 'Meetup.Services.IParticipantService' while attempting to activate 'Meetup.Controllers.ParticipantControler'.
   at Microsoft.Extensions.DependencyInjection.ActivatorUtilities.GetService(IServiceProvider sp, Type type, Type requiredBy, Boolean isDefaultParameterRequired)
   at lambda_method(Closure , IServiceProvider , Object[] )
   at Microsoft.AspNetCore.Mvc.Controllers.ControllerActivatorProvider.<>c__DisplayClass4_0.<CreateActivator>b__0(ControllerContext controllerContext)
   at Microsoft.AspNetCore.Mvc.Controllers.ControllerFactoryProvider.<>c__DisplayClass5_0.<CreateControllerFactory>g__CreateController|0(ControllerContext controllerContext)
   at Microsoft.AspNetCore.Mvc.Infrastructure.ControllerActionInvoker.Next(State& next, Scope& scope, Object& state, Boolean& isCompleted)
   at Microsoft.AspNetCore.Mvc.Infrastructure.ControllerActionInvoker.InvokeInnerFilterAsync()
--- End of stack trace from previous location where exception was thrown ---
   at Microsoft.AspNetCore.Mvc.Infrastructure.ResourceInvoker.<InvokeFilterPipelineAsync>g__Awaited|19_0(ResourceInvoker invoker, Task lastTask, State next, Scope scope, Object state, Boolean isCompleted)
   at Microsoft.AspNetCore.Mvc.Infrastructure.ResourceInvoker.<InvokeAsync>g__Awaited|17_0(ResourceInvoker invoker, Task task, IDisposable scope)
   at Microsoft.AspNetCore.Routing.EndpointMiddleware.<Invoke>g__AwaitRequestTask|6_0(Endpoint endpoint, Task requestTask, ILogger logger)
   at Meetup.Middleware.ErrorHandlingMiddleware.InvokeAsync(HttpContext context, RequestDelegate next) in C:\Users\Maciej Bedkowski\Desktop\Meetup\Meetup\Middleware\ErrorHandlingMiddleware.cs:line 19
2021-06-09 10:37:43.4061||ERROR|Meetup.Middleware.ErrorHandlingMiddleware|Unable to resolve service for type 'Meetup.Services.IParticipantService' while attempting to activate 'Meetup.Controllers.ParticipantControler'.System.InvalidOperationException: Unable to resolve service for type 'Meetup.Services.IParticipantService' while attempting to activate 'Meetup.Controllers.ParticipantControler'.
   at Microsoft.Extensions.DependencyInjection.ActivatorUtilities.GetService(IServiceProvider sp, Type type, Type requiredBy, Boolean isDefaultParameterRequired)
   at lambda_method(Closure , IServiceProvider , Object[] )
   at Microsoft.AspNetCore.Mvc.Controllers.ControllerActivatorProvider.<>c__DisplayClass4_0.<CreateActivator>b__0(ControllerContext controllerContext)
   at Microsoft.AspNetCore.Mvc.Controllers.ControllerFactoryProvider.<>c__DisplayClass5_0.<CreateControllerFactory>g__CreateController|0(ControllerContext controllerContext)
   at Microsoft.AspNetCore.Mvc.Infrastructure.ControllerActionInvoker.Next(State& next, Scope& scope, Object& state, Boolean& isCompleted)
   at Microsoft.AspNetCore.Mvc.Infrastructure.ControllerActionInvoker.InvokeInnerFilterAsync()
--- End of stack trace from previous location where exception was thrown ---
   at Microsoft.AspNetCore.Mvc.Infrastructure.ResourceInvoker.<InvokeFilterPipelineAsync>g__Awaited|19_0(ResourceInvoker invoker, Task lastTask, State next, Scope scope, Object state, Boolean isCompleted)
   at Microsoft.AspNetCore.Mvc.Infrastructure.ResourceInvoker.<InvokeAsync>g__Awaited|17_0(ResourceInvoker invoker, Task task, IDisposable scope)
   at Microsoft.AspNetCore.Routing.EndpointMiddleware.<Invoke>g__AwaitRequestTask|6_0(Endpoint endpoint, Task requestTask, ILogger logger)
   at Meetup.Middleware.ErrorHandlingMiddleware.InvokeAsync(HttpContext context, RequestDelegate next) in C:\Users\Maciej Bedkowski\Desktop\Meetup\Meetup\Middleware\ErrorHandlingMiddleware.cs:line 19
2021-06-09 10:58:13.2385||ERROR|Meetup.Services.ParticipantServices|Meet with id: 3 DELETE action invoked
2021-06-09 11:14:16.4875||ERROR|Meetup.Services.MeetServices|Meet with id: 1 DELETE action invoked
2021-06-09 16:06:06.0869||ERROR|Meetup.Services.MeetServices|Meet with id: 1 DELETE action invoked
2021-06-09 17:23:23.4645||ERROR|Meetup.Services.ParticipantServices|Meet with id: 14 DELETE action invoked
